info: ::1 - - [12/Aug/2022:02:41:24 +0000] "POST /api/v1/carts/621588af05253301a4fda5ce HTTP/1.1" 200 1790 "-" "PostmanRuntime/7.29.2"

info: ::1 - - [12/Aug/2022:02:42:01 +0000] "GET /api/v1/carts HTTP/1.1" 200 1790 "-" "PostmanRuntime/7.29.2"

info: ::1 - - [12/Aug/2022:04:03:57 +0000] "PUT /api/v1/carts/placeOrder HTTP/1.1" 200 1794 "-" "PostmanRuntime/7.29.2"

info: ::1 - - [12/Aug/2022:04:05:04 +0000] "PUT /api/v1/carts/placeOrder HTTP/1.1" 200 1794 "-" "PostmanRuntime/7.29.2"

info: ::1 - - [12/Aug/2022:04:06:20 +0000] "PUT /api/v1/carts/placeOrder HTTP/1.1" 200 1794 "-" "PostmanRuntime/7.29.2"

info: ::1 - - [12/Aug/2022:04:06:40 +0000] "PUT /api/v1/users/login HTTP/1.1" 404 47 "-" "PostmanRuntime/7.29.2"

info: ::1 - - [12/Aug/2022:04:06:46 +0000] "POST /api/v1/users/login HTTP/1.1" 200 295 "-" "PostmanRuntime/7.29.2"

info: ::1 - - [12/Aug/2022:04:07:44 +0000] "PUT /api/v1/carts/placeOrder HTTP/1.1" 200 1794 "-" "PostmanRuntime/7.29.2"

info: ::1 - - [12/Aug/2022:04:08:45 +0000] "PUT /api/v1/carts/placeOrder HTTP/1.1" 200 1794 "-" "PostmanRuntime/7.29.2"

info: ::1 - - [12/Aug/2022:04:09:31 +0000] "PUT /api/v1/carts/placeOrder/true HTTP/1.1" 400 152 "-" "PostmanRuntime/7.29.2"

info: ::1 - - [12/Aug/2022:04:11:44 +0000] "PUT /api/v1/carts/placeOrder HTTP/1.1" 200 1794 "-" "PostmanRuntime/7.29.2"

info: ::1 - - [12/Aug/2022:04:12:09 +0000] "PUT /api/v1/carts/placeOrder/true HTTP/1.1" 400 67 "-" "PostmanRuntime/7.29.2"

info: ::1 - - [12/Aug/2022:04:12:45 +0000] "PUT /api/v1/carts/placeOrder/true HTTP/1.1" 200 1773 "-" "PostmanRuntime/7.29.2"

info: ::1 - - [12/Aug/2022:04:12:55 +0000] "PUT /api/v1/carts/placeOrder/true HTTP/1.1" 200 1773 "-" "PostmanRuntime/7.29.2"

info: ::1 - - [12/Aug/2022:04:13:00 +0000] "PUT /api/v1/carts/placeOrder/true HTTP/1.1" 200 1773 "-" "PostmanRuntime/7.29.2"

info: ::1 - - [12/Aug/2022:04:16:06 +0000] "PUT /api/v1/carts/placeOrder/false HTTP/1.1" 200 1777 "-" "PostmanRuntime/7.29.2"

info: ::1 - - [12/Aug/2022:04:16:16 +0000] "PUT /api/v1/carts/placeOrder/true HTTP/1.1" 200 1773 "-" "PostmanRuntime/7.29.2"

info: ::1 - - [12/Aug/2022:05:00:43 +0000] "POST /api/v1/wishList/621588f105253301a4fda5d0 HTTP/1.1" 400 90 "-" "PostmanRuntime/7.29.2"

info: ::1 - - [12/Aug/2022:05:01:34 +0000] "POST /api/v1/wishList/621588f105253301a4fda5d0 HTTP/1.1" 400 90 "-" "PostmanRuntime/7.29.2"

info: ::1 - - [12/Aug/2022:05:02:18 +0000] "POST /api/v1/wishList/621588f105253301a4fda5d0 HTTP/1.1" 400 91 "-" "PostmanRuntime/7.29.2"

info: ::1 - - [12/Aug/2022:05:06:54 +0000] "POST /api/v1/wishList/621588f105253301a4fda5d0 HTTP/1.1" 400 90 "-" "PostmanRuntime/7.29.2"

info: ::1 - - [12/Aug/2022:05:09:18 +0000] "POST /api/v1/wishList/621588f105253301a4fda5d0 HTTP/1.1" 400 90 "-" "PostmanRuntime/7.29.2"

info: ::1 - - [12/Aug/2022:05:09:53 +0000] "POST /api/v1/wishList/621588f105253301a4fda5d0 HTTP/1.1" 400 90 "-" "PostmanRuntime/7.29.2"

info: ::1 - - [12/Aug/2022:05:11:22 +0000] "POST /api/v1/wishList/621588f105253301a4fda5d0 HTTP/1.1" 400 90 "-" "PostmanRuntime/7.29.2"

info: ::1 - - [12/Aug/2022:05:15:57 +0000] "POST /api/v1/wishList/621588f105253301a4fda5d0 HTTP/1.1" 400 90 "-" "PostmanRuntime/7.29.2"

info: ::1 - - [12/Aug/2022:05:20:14 +0000] "POST /api/v1/wishList/621588f105253301a4fda5d0 HTTP/1.1" 400 90 "-" "PostmanRuntime/7.29.2"

info: ::1 - - [12/Aug/2022:05:25:51 +0000] "POST /api/v1/wishList/621588f105253301a4fda5d0 HTTP/1.1" 400 73 "-" "PostmanRuntime/7.29.2"

info: ::1 - - [12/Aug/2022:05:26:29 +0000] "POST /api/v1/wishList/621588f105253301a4fda5d0 HTTP/1.1" 400 90 "-" "PostmanRuntime/7.29.2"

info: ::1 - - [12/Aug/2022:05:46:25 +0000] "POST /api/v1/wishList/621588f105253301a4fda5d0 HTTP/1.1" 400 90 "-" "PostmanRuntime/7.29.2"

info: ::1 - - [12/Aug/2022:05:47:31 +0000] "POST /api/v1/wishList/621588f105253301a4fda5d0 HTTP/1.1" 400 90 "-" "PostmanRuntime/7.29.2"

info: ::1 - - [12/Aug/2022:05:48:52 +0000] "POST /api/v1/wishList/621588f105253301a4fda5d0 HTTP/1.1" 400 90 "-" "PostmanRuntime/7.29.2"

info: ::1 - - [12/Aug/2022:05:50:23 +0000] "POST /api/v1/wishList/621588f105253301a4fda5d0 HTTP/1.1" 400 90 "-" "PostmanRuntime/7.29.2"

info: ::1 - - [12/Aug/2022:05:53:24 +0000] "POST /api/v1/wishList/621588f105253301a4fda5d0 HTTP/1.1" 400 149 "-" "PostmanRuntime/7.29.2"

info: ::1 - - [12/Aug/2022:05:53:55 +0000] "POST /api/v1/wishList/621588f105253301a4fda5d0 HTTP/1.1" 400 90 "-" "PostmanRuntime/7.29.2"

info: ::1 - - [12/Aug/2022:05:54:38 +0000] "POST /api/v1/wishList/621588f105253301a4fda5d0 HTTP/1.1" 200 441 "-" "PostmanRuntime/7.29.2"

info: ::1 - - [12/Aug/2022:05:56:39 +0000] "POST /api/v1/wishList/621588f105253301a4fda5d0 HTTP/1.1" 200 441 "-" "PostmanRuntime/7.29.2"

info: ::1 - - [12/Aug/2022:05:58:40 +0000] "POST /api/v1/wishList/621588f105253301a4fda5d0 HTTP/1.1" 200 182 "-" "PostmanRuntime/7.29.2"

info: ::1 - - [12/Aug/2022:06:00:09 +0000] "POST /api/v1/wishList/621588f105253301a4fda5d0 HTTP/1.1" 200 460 "-" "PostmanRuntime/7.29.2"

info: ::1 - - [12/Aug/2022:06:01:41 +0000] "POST /api/v1/wishList/6215178d05253301a4fda5c4 HTTP/1.1" 200 488 "-" "PostmanRuntime/7.29.2"

info: ::1 - - [12/Aug/2022:06:03:57 +0000] "POST /api/v1/wishList/6215178d05253301a4fda5c4 HTTP/1.1" 200 488 "-" "PostmanRuntime/7.29.2"

info: ::1 - - [12/Aug/2022:06:04:08 +0000] "POST /api/v1/wishList/6215178d05253301a4fda5c4 HTTP/1.1" 200 182 "-" "PostmanRuntime/7.29.2"

info: ::1 - - [12/Aug/2022:06:09:47 +0000] "POST /api/v1/wishList/6215178d05253301a4fda5c4 HTTP/1.1" 200 488 "-" "PostmanRuntime/7.29.2"

info: ::1 - - [12/Aug/2022:06:10:08 +0000] "POST /api/v1/wishList/6215178d05253301a4fda5c4 HTTP/1.1" 200 182 "-" "PostmanRuntime/7.29.2"

info: ::1 - - [12/Aug/2022:06:10:18 +0000] "POST /api/v1/wishList/6215178d05253301a4fda5c4 HTTP/1.1" 200 182 "-" "PostmanRuntime/7.29.2"

info: ::1 - - [12/Aug/2022:06:11:01 +0000] "POST /api/v1/wishList/6215178d05253301a4fda5c4 HTTP/1.1" 200 182 "-" "PostmanRuntime/7.29.2"

info: ::1 - - [12/Aug/2022:06:11:47 +0000] "POST /api/v1/wishList/6214803b05253301a4fda584 HTTP/1.1" 200 182 "-" "PostmanRuntime/7.29.2"

info: ::1 - - [12/Aug/2022:06:12:07 +0000] "POST /api/v1/wishList/6214803b05253301a4fda584 HTTP/1.1" 200 182 "-" "PostmanRuntime/7.29.2"

info: ::1 - - [12/Aug/2022:06:13:52 +0000] "POST /api/v1/wishList/6214803b05253301a4fda584 HTTP/1.1" 200 1435 "-" "PostmanRuntime/7.29.2"

info: ::1 - - [12/Aug/2022:06:14:00 +0000] "POST /api/v1/wishList/6214803b05253301a4fda584 HTTP/1.1" 200 182 "-" "PostmanRuntime/7.29.2"

info: ::1 - - [12/Aug/2022:06:15:00 +0000] "POST /api/v1/wishList/621588f105253301a4fda5d0 HTTP/1.1" 200 182 "-" "PostmanRuntime/7.29.2"

info: ::1 - - [12/Aug/2022:06:15:05 +0000] "POST /api/v1/wishList/621588f105253301a4fda5d0 HTTP/1.1" 200 182 "-" "PostmanRuntime/7.29.2"

info: ::1 - - [12/Aug/2022:06:16:50 +0000] "POST /api/v1/wishList/621588f105253301a4fda5d0 HTTP/1.1" 200 460 "-" "PostmanRuntime/7.29.2"

info: ::1 - - [12/Aug/2022:06:16:56 +0000] "POST /api/v1/wishList/621588f105253301a4fda5d0 HTTP/1.1" 200 182 "-" "PostmanRuntime/7.29.2"

info: ::1 - - [12/Aug/2022:06:17:40 +0000] "POST /api/v1/wishList/621588f105253301a4fda5d0 HTTP/1.1" 400 65 "-" "PostmanRuntime/7.29.2"

info: ::1 - - [12/Aug/2022:06:18:32 +0000] "POST /api/v1/wishList/621588f105253301a4fda5d0 HTTP/1.1" 400 65 "-" "PostmanRuntime/7.29.2"

info: ::1 - - [12/Aug/2022:06:22:22 +0000] "POST /api/v1/wishList/621588f105253301a4fda5d0 HTTP/1.1" 200 460 "-" "PostmanRuntime/7.29.2"

info: ::1 - - [12/Aug/2022:06:25:47 +0000] "POST /api/v1/wishList/621588f105253301a4fda5d0 HTTP/1.1" 200 182 "-" "PostmanRuntime/7.29.2"

info: ::1 - - [12/Aug/2022:06:26:48 +0000] "POST /api/v1/wishList/621588f105253301a4fda5d0 HTTP/1.1" 200 363 "-" "PostmanRuntime/7.29.2"

info: ::1 - - [12/Aug/2022:06:27:36 +0000] "POST /api/v1/wishList/621588f105253301a4fda5d0 HTTP/1.1" 200 363 "-" "PostmanRuntime/7.29.2"

info: ::1 - - [12/Aug/2022:06:27:51 +0000] "POST /api/v1/wishList/621588f105253301a4fda5d0 HTTP/1.1" 200 182 "-" "PostmanRuntime/7.29.2"

info: ::1 - - [12/Aug/2022:06:28:50 +0000] "POST /api/v1/wishList/621588f105253301a4fda5d0 HTTP/1.1" 200 363 "-" "PostmanRuntime/7.29.2"

info: ::1 - - [12/Aug/2022:06:29:18 +0000] "POST /api/v1/wishList/6214803b05253301a4fda584%0A HTTP/1.1" 400 161 "-" "PostmanRuntime/7.29.2"

info: ::1 - - [12/Aug/2022:06:30:20 +0000] "POST /api/v1/wishList/6214803b05253301a4fda584%0A HTTP/1.1" 400 161 "-" "PostmanRuntime/7.29.2"

info: ::1 - - [12/Aug/2022:06:35:47 +0000] "POST /api/v1/wishList/6214803b05253301a4fda584%0A HTTP/1.1" 400 161 "-" "PostmanRuntime/7.29.2"

info: ::1 - - [12/Aug/2022:06:40:02 +0000] "POST /api/v1/wishList/6214803b05253301a4fda584%0A HTTP/1.1" 400 161 "-" "PostmanRuntime/7.29.2"

info: ::1 - - [12/Aug/2022:06:40:06 +0000] "POST /api/v1/wishList/6214803b05253301a4fda584%0A HTTP/1.1" 400 161 "-" "PostmanRuntime/7.29.2"

info: ::1 - - [12/Aug/2022:06:40:26 +0000] "POST /api/v1/wishList/6214803b05253301a4fda584%0A HTTP/1.1" 400 161 "-" "PostmanRuntime/7.29.2"

info: ::1 - - [12/Aug/2022:06:41:46 +0000] "POST /api/v1/wishList/6214803b05253301a4fda584 HTTP/1.1" 200 1338 "-" "PostmanRuntime/7.29.2"

info: ::1 - - [12/Aug/2022:06:42:11 +0000] "POST /api/v1/wishList/6215178d05253301a4fda5c4 HTTP/1.1" 200 182 "-" "PostmanRuntime/7.29.2"

info: ::1 - - [12/Aug/2022:06:44:05 +0000] "POST /api/v1/wishList/6215888305253301a4fda5cd HTTP/1.1" 200 182 "-" "PostmanRuntime/7.29.2"

info: ::1 - - [12/Aug/2022:06:45:22 +0000] "POST /api/v1/wishList/6215888305253301a4fda5cd HTTP/1.1" 200 417 "-" "PostmanRuntime/7.29.2"

info: ::1 - - [12/Aug/2022:06:46:08 +0000] "POST /api/v1/wishList/6214803b05253301a4fda584 HTTP/1.1" 200 1608 "-" "PostmanRuntime/7.29.2"

info: ::1 - - [12/Aug/2022:06:46:39 +0000] "POST /api/v1/wishList/6214803b05253301a4fda584 HTTP/1.1" 400 64 "-" "PostmanRuntime/7.29.2"

info: ::1 - - [12/Aug/2022:06:47:27 +0000] "POST /api/v1/wishList/621588af05253301a4fda5ce HTTP/1.1" 200 1810 "-" "PostmanRuntime/7.29.2"

info: ::1 - - [12/Aug/2022:07:05:55 +0000] "PUT /api/v1/wishList/621588af05253301a4fda5ce HTTP/1.1" 200 1599 "-" "PostmanRuntime/7.29.2"

info: ::1 - - [12/Aug/2022:07:07:09 +0000] "PUT /api/v1/wishList/6214803b05253301a4fda584 HTTP/1.1" 200 408 "-" "PostmanRuntime/7.29.2"

info: ::1 - - [12/Aug/2022:07:07:25 +0000] "POST /api/v1/wishList/6214803b05253301a4fda584 HTTP/1.1" 200 1608 "-" "PostmanRuntime/7.29.2"

info: ::1 - - [12/Aug/2022:07:12:43 +0000] "GET /api/v1/wishList HTTP/1.1" 200 1620 "-" "PostmanRuntime/7.29.2"

