info: ::1 - - [09/Aug/2022:04:16:50 +0000] "GET /api/v1/books/ HTTP/1.1" 200 65 "-" "PostmanRuntime/7.29.2"

info: ::1 - - [09/Aug/2022:04:21:38 +0000] "GET /api/v1/books HTTP/1.1" 200 65 "-" "PostmanRuntime/7.29.2"

info: ::1 - - [09/Aug/2022:04:21:58 +0000] "GET /api/v1/books HTTP/1.1" 200 65 "-" "PostmanRuntime/7.29.2"

info: ::1 - - [09/Aug/2022:04:55:30 +0000] "GET /api/v1/books HTTP/1.1" 200 65 "-" "PostmanRuntime/7.29.2"

info: ::1 - - [09/Aug/2022:05:04:08 +0000] "GET /api/v1/books HTTP/1.1" 200 65 "-" "PostmanRuntime/7.29.2"

info: ::1 - - [09/Aug/2022:05:12:03 +0000] "GET /api/v1/books HTTP/1.1" 400 56 "-" "PostmanRuntime/7.29.2"

info: ::1 - - [09/Aug/2022:05:12:19 +0000] "POST /api/v1/login HTTP/1.1" 404 47 "-" "PostmanRuntime/7.29.2"

info: ::1 - - [09/Aug/2022:05:12:35 +0000] "POST /api/v1/users/login HTTP/1.1" 200 295 "-" "PostmanRuntime/7.29.2"

info: ::1 - - [09/Aug/2022:05:13:00 +0000] "GET /api/v1/users/books HTTP/1.1" 404 47 "-" "PostmanRuntime/7.29.2"

info: ::1 - - [09/Aug/2022:05:13:12 +0000] "GET /api/v1/books HTTP/1.1" 200 65 "-" "PostmanRuntime/7.29.2"

info: ::1 - - [09/Aug/2022:05:14:17 +0000] "GET /api/v1/books HTTP/1.1" 200 65 "-" "PostmanRuntime/7.29.2"

info: ::1 - - [09/Aug/2022:05:18:45 +0000] "GET /api/v1/books HTTP/1.1" 200 65 "-" "PostmanRuntime/7.29.2"

info: ::1 - - [09/Aug/2022:05:19:42 +0000] "GET /api/v1/books HTTP/1.1" 200 65 "-" "PostmanRuntime/7.29.2"

info: ::1 - - [09/Aug/2022:05:27:37 +0000] "GET /api/v1/books/6214803b05253301a4fda584 HTTP/1.1" 200 62 "-" "PostmanRuntime/7.29.2"

info: ::1 - - [09/Aug/2022:05:27:57 +0000] "GET /api/v1/books/ HTTP/1.1" 200 65 "-" "PostmanRuntime/7.29.2"

info: ::1 - - [09/Aug/2022:05:29:17 +0000] "GET /api/v1/books HTTP/1.1" 400 60 "-" "PostmanRuntime/7.29.2"

info: ::1 - - [09/Aug/2022:05:29:47 +0000] "GET /api/v1/books HTTP/1.1" 200 65 "-" "PostmanRuntime/7.29.2"

info: ::1 - - [09/Aug/2022:05:30:19 +0000] "GET /api/v1/books HTTP/1.1" 200 65 "-" "PostmanRuntime/7.29.2"

info: ::1 - - [09/Aug/2022:05:41:41 +0000] "GET /api/v1/books HTTP/1.1" 200 65 "-" "PostmanRuntime/7.29.2"

info: ::1 - - [09/Aug/2022:05:52:55 +0000] "GET /api/v1/books HTTP/1.1" 200 65 "-" "PostmanRuntime/7.29.2"

info: ::1 - - [09/Aug/2022:06:44:36 +0000] "GET /api/v1/books HTTP/1.1" 200 65 "-" "PostmanRuntime/7.29.2"

info: ::1 - - [09/Aug/2022:09:46:10 +0000] "GET /api/v1/books HTTP/1.1" 200 65 "-" "PostmanRuntime/7.29.2"

info: ::1 - - [09/Aug/2022:09:56:37 +0000] "GET /api/v1/books HTTP/1.1" 200 65 "-" "PostmanRuntime/7.29.2"

info: ::1 - - [09/Aug/2022:09:58:46 +0000] "GET /api/v1/books HTTP/1.1" 200 65 "-" "PostmanRuntime/7.29.2"

info: ::1 - - [09/Aug/2022:10:59:30 +0000] "GET /api/v1/books HTTP/1.1" 200 65 "-" "PostmanRuntime/7.29.2"

info: ::1 - - [09/Aug/2022:11:01:47 +0000] "GET /api/v1/books HTTP/1.1" 200 65 "-" "PostmanRuntime/7.29.2"

info: ::1 - - [09/Aug/2022:11:07:54 +0000] "GET /api/v1/books/ HTTP/1.1" 200 65 "-" "PostmanRuntime/7.29.2"

info: ::1 - - [09/Aug/2022:11:08:27 +0000] "GET /api/v1/books HTTP/1.1" 200 65 "-" "PostmanRuntime/7.29.2"

info: ::1 - - [09/Aug/2022:11:09:38 +0000] "GET /api/v1/books HTTP/1.1" 200 65 "-" "PostmanRuntime/7.29.2"

info: ::1 - - [09/Aug/2022:11:10:32 +0000] "GET /api/v1/books HTTP/1.1" 200 65 "-" "PostmanRuntime/7.29.2"

info: ::1 - - [09/Aug/2022:11:10:51 +0000] "GET /api/v1/books HTTP/1.1" 400 88 "-" "PostmanRuntime/7.29.2"

info: ::1 - - [09/Aug/2022:11:11:14 +0000] "GET /api/v1/books HTTP/1.1" 200 65 "-" "PostmanRuntime/7.29.2"

info: ::1 - - [09/Aug/2022:11:36:09 +0000] "GET /api/v1/books HTTP/1.1" 200 65 "-" "PostmanRuntime/7.29.2"

info: ::1 - - [09/Aug/2022:11:36:43 +0000] "GET /api/v1/books HTTP/1.1" 200 65 "-" "PostmanRuntime/7.29.2"

info: ::1 - - [09/Aug/2022:11:40:16 +0000] "GET /api/v1/books HTTP/1.1" 200 65 "-" "PostmanRuntime/7.29.2"

info: ::1 - - [09/Aug/2022:11:41:17 +0000] "GET /api/v1/books/6214803b05253301a4fda584 HTTP/1.1" 200 62 "-" "PostmanRuntime/7.29.2"

info: ::1 - - [09/Aug/2022:11:44:59 +0000] "GET /api/v1/books HTTP/1.1" 200 9282 "-" "PostmanRuntime/7.29.2"

info: ::1 - - [09/Aug/2022:11:48:09 +0000] "GET /api/v1/books/6214803b05253301a4fda584 HTTP/1.1" 200 1339 "-" "PostmanRuntime/7.29.2"

