info: Server started at http://localhost:3002/api/v1/ {"timestamp":"2022-08-09T04:14:05.144Z"}
info: Connected to the database. {"timestamp":"2022-08-09T04:14:05.202Z"}
info: Server started at http://localhost:3002/api/v1/ {"timestamp":"2022-08-09T04:16:09.575Z"}
info: Connected to the database. {"timestamp":"2022-08-09T04:16:09.598Z"}
info: Server started at http://localhost:3002/api/v1/ {"timestamp":"2022-08-09T04:47:38.889Z"}
info: Connected to the database. {"timestamp":"2022-08-09T04:47:38.916Z"}
info: Server started at http://localhost:3002/api/v1/ {"timestamp":"2022-08-09T04:55:25.410Z"}
info: Connected to the database. {"timestamp":"2022-08-09T04:55:25.433Z"}
info: Server started at http://localhost:3002/api/v1/ {"timestamp":"2022-08-09T04:55:42.171Z"}
info: Connected to the database. {"timestamp":"2022-08-09T04:55:42.192Z"}
info: Server started at http://localhost:3002/api/v1/ {"timestamp":"2022-08-09T04:56:53.815Z"}
info: Connected to the database. {"timestamp":"2022-08-09T04:56:53.846Z"}
info: Server started at http://localhost:3002/api/v1/ {"timestamp":"2022-08-09T05:04:04.795Z"}
info: Connected to the database. {"timestamp":"2022-08-09T05:04:04.828Z"}
info: Server started at http://localhost:3002/api/v1/ {"timestamp":"2022-08-09T05:04:20.431Z"}
info: Connected to the database. {"timestamp":"2022-08-09T05:04:20.457Z"}
info: Server started at http://localhost:3002/api/v1/ {"timestamp":"2022-08-09T05:06:08.326Z"}
info: Connected to the database. {"timestamp":"2022-08-09T05:06:08.352Z"}
info: Server started at http://localhost:3002/api/v1/ {"timestamp":"2022-08-09T05:11:22.461Z"}
info: Connected to the database. {"timestamp":"2022-08-09T05:11:22.483Z"}
info: Server started at http://localhost:3002/api/v1/ {"timestamp":"2022-08-09T05:11:59.509Z"}
info: Connected to the database. {"timestamp":"2022-08-09T05:11:59.559Z"}
error: 
      status - 400
      message - Authorization token is required 
      url - /api/v1/books 
      method - GET 
      IP - ::1
     {"timestamp":"2022-08-09T05:12:03.932Z"}
info: Server started at http://localhost:3002/api/v1/ {"timestamp":"2022-08-09T05:14:13.551Z"}
info: Connected to the database. {"timestamp":"2022-08-09T05:14:13.575Z"}
info: Server started at http://localhost:3002/api/v1/ {"timestamp":"2022-08-09T05:14:36.321Z"}
info: Connected to the database. {"timestamp":"2022-08-09T05:14:36.343Z"}
info: Server started at http://localhost:3002/api/v1/ {"timestamp":"2022-08-09T05:18:41.014Z"}
info: Connected to the database. {"timestamp":"2022-08-09T05:18:41.054Z"}
info: Server started at http://localhost:3002/api/v1/ {"timestamp":"2022-08-09T05:19:39.668Z"}
info: Connected to the database. {"timestamp":"2022-08-09T05:19:39.691Z"}
info: Server started at http://localhost:3002/api/v1/ {"timestamp":"2022-08-09T05:19:59.193Z"}
info: Connected to the database. {"timestamp":"2022-08-09T05:19:59.218Z"}
info: Server started at http://localhost:3002/api/v1/ {"timestamp":"2022-08-09T05:20:07.076Z"}
info: Connected to the database. {"timestamp":"2022-08-09T05:20:07.105Z"}
info: Server started at http://localhost:3002/api/v1/ {"timestamp":"2022-08-09T05:22:54.171Z"}
info: Connected to the database. {"timestamp":"2022-08-09T05:22:54.194Z"}
info: Server started at http://localhost:3002/api/v1/ {"timestamp":"2022-08-09T05:24:56.513Z"}
info: Connected to the database. {"timestamp":"2022-08-09T05:24:56.548Z"}
info: Server started at http://localhost:3002/api/v1/ {"timestamp":"2022-08-09T05:26:14.484Z"}
info: Connected to the database. {"timestamp":"2022-08-09T05:26:14.509Z"}
info: Server started at http://localhost:3002/api/v1/ {"timestamp":"2022-08-09T05:27:18.976Z"}
info: Connected to the database. {"timestamp":"2022-08-09T05:27:19.001Z"}
info: Server started at http://localhost:3002/api/v1/ {"timestamp":"2022-08-09T05:29:07.647Z"}
info: Connected to the database. {"timestamp":"2022-08-09T05:29:07.679Z"}
info: Server started at http://localhost:3002/api/v1/ {"timestamp":"2022-08-09T05:29:43.911Z"}
info: Connected to the database. {"timestamp":"2022-08-09T05:29:43.932Z"}
info: Server started at http://localhost:3002/api/v1/ {"timestamp":"2022-08-09T05:30:11.631Z"}
info: Connected to the database. {"timestamp":"2022-08-09T05:30:11.662Z"}
info: Server started at http://localhost:3002/api/v1/ {"timestamp":"2022-08-09T05:41:35.853Z"}
info: Connected to the database. {"timestamp":"2022-08-09T05:41:35.877Z"}
info: Server started at http://localhost:3002/api/v1/ {"timestamp":"2022-08-09T05:41:58.242Z"}
info: Connected to the database. {"timestamp":"2022-08-09T05:41:58.263Z"}
info: Server started at http://localhost:3002/api/v1/ {"timestamp":"2022-08-09T06:43:18.289Z"}
info: Connected to the database. {"timestamp":"2022-08-09T06:43:18.312Z"}
info: Server started at http://localhost:3002/api/v1/ {"timestamp":"2022-08-09T06:46:06.883Z"}
info: Connected to the database. {"timestamp":"2022-08-09T06:46:06.914Z"}
info: Server started at http://localhost:3002/api/v1/ {"timestamp":"2022-08-09T06:46:16.248Z"}
info: Connected to the database. {"timestamp":"2022-08-09T06:46:16.270Z"}
info: Server started at http://localhost:3002/api/v1/ {"timestamp":"2022-08-09T09:46:02.569Z"}
info: Connected to the database. {"timestamp":"2022-08-09T09:46:02.603Z"}
info: Server started at http://localhost:3002/api/v1/ {"timestamp":"2022-08-09T09:52:17.536Z"}
info: Connected to the database. {"timestamp":"2022-08-09T09:52:17.557Z"}
info: Server started at http://localhost:3002/api/v1/ {"timestamp":"2022-08-09T09:56:26.766Z"}
info: Connected to the database. {"timestamp":"2022-08-09T09:56:26.802Z"}
info: Server started at http://localhost:3002/api/v1/ {"timestamp":"2022-08-09T09:58:35.861Z"}
info: Connected to the database. {"timestamp":"2022-08-09T09:58:35.882Z"}
info: Server started at http://localhost:3002/api/v1/ {"timestamp":"2022-08-09T11:00:56.197Z"}
info: Connected to the database. {"timestamp":"2022-08-09T11:00:56.224Z"}
info: Server started at http://localhost:3002/api/v1/ {"timestamp":"2022-08-09T11:01:28.882Z"}
info: Connected to the database. {"timestamp":"2022-08-09T11:01:28.904Z"}
info: Server started at http://localhost:3002/api/v1/ {"timestamp":"2022-08-09T11:07:47.088Z"}
info: Connected to the database. {"timestamp":"2022-08-09T11:07:47.109Z"}
info: Server started at http://localhost:3002/api/v1/ {"timestamp":"2022-08-09T11:08:06.102Z"}
info: Connected to the database. {"timestamp":"2022-08-09T11:08:06.127Z"}
info: Server started at http://localhost:3002/api/v1/ {"timestamp":"2022-08-09T11:09:34.825Z"}
info: Connected to the database. {"timestamp":"2022-08-09T11:09:34.851Z"}
info: Server started at http://localhost:3002/api/v1/ {"timestamp":"2022-08-09T11:10:29.339Z"}
info: Connected to the database. {"timestamp":"2022-08-09T11:10:29.363Z"}
info: Server started at http://localhost:3002/api/v1/ {"timestamp":"2022-08-09T11:10:48.347Z"}
info: Connected to the database. {"timestamp":"2022-08-09T11:10:48.382Z"}
info: Server started at http://localhost:3002/api/v1/ {"timestamp":"2022-08-09T11:11:11.420Z"}
info: Connected to the database. {"timestamp":"2022-08-09T11:11:11.454Z"}
info: Server started at http://localhost:3002/api/v1/ {"timestamp":"2022-08-09T11:36:31.266Z"}
info: Connected to the database. {"timestamp":"2022-08-09T11:36:31.321Z"}
info: Server started at http://localhost:3002/api/v1/ {"timestamp":"2022-08-09T11:36:36.815Z"}
info: Connected to the database. {"timestamp":"2022-08-09T11:36:36.837Z"}
info: Server started at http://localhost:3002/api/v1/ {"timestamp":"2022-08-09T11:40:00.559Z"}
info: Connected to the database. {"timestamp":"2022-08-09T11:40:00.579Z"}
info: Server started at http://localhost:3002/api/v1/ {"timestamp":"2022-08-09T11:42:31.604Z"}
info: Connected to the database. {"timestamp":"2022-08-09T11:42:31.629Z"}
info: Server started at http://localhost:3002/api/v1/ {"timestamp":"2022-08-09T11:43:18.173Z"}
info: Connected to the database. {"timestamp":"2022-08-09T11:43:18.194Z"}
info: Server started at http://localhost:3002/api/v1/ {"timestamp":"2022-08-09T11:44:41.412Z"}
info: Connected to the database. {"timestamp":"2022-08-09T11:44:41.437Z"}
info: Server started at http://localhost:3002/api/v1/ {"timestamp":"2022-08-09T11:47:14.388Z"}
info: Connected to the database. {"timestamp":"2022-08-09T11:47:14.408Z"}
info: Server started at http://localhost:3002/api/v1/ {"timestamp":"2022-08-09T11:47:40.732Z"}
info: Connected to the database. {"timestamp":"2022-08-09T11:47:40.762Z"}
