info: Server started at http://localhost:8000/api/v1/ {"timestamp":"2022-08-11T02:42:34.251Z"}
error: Could not connect to the database. connect ECONNREFUSED 127.0.0.1:27017 {"reason":{"commonWireVersion":null,"compatibilityError":null,"compatible":true,"heartbeatFrequencyMS":10000,"localThresholdMS":15,"logicalSessionTimeoutMinutes":null,"maxElectionId":null,"maxSetVersion":null,"servers":{},"setName":null,"stale":false,"type":"Single"},"stack":"MongooseServerSelectionError: connect ECONNREFUSED 127.0.0.1:27017\n    at NativeConnection.Connection.openUri (C:\\Users\\Arpan suji\\BookStore\\Bookstore\\node_modules\\mongoose\\lib\\connection.js:847:32)\n    at C:\\Users\\Arpan suji\\BookStore\\Bookstore\\node_modules\\mongoose\\lib\\index.js:351:10\n    at C:\\Users\\Arpan suji\\BookStore\\Bookstore\\node_modules\\mongoose\\lib\\helpers\\promiseOrCallback.js:32:5\n    at new Promise (<anonymous>)\n    at promiseOrCallback (C:\\Users\\Arpan suji\\BookStore\\Bookstore\\node_modules\\mongoose\\lib\\helpers\\promiseOrCallback.js:31:10)\n    at Mongoose._promiseOrCallback (C:\\Users\\Arpan suji\\BookStore\\Bookstore\\node_modules\\mongoose\\lib\\index.js:1149:10)\n    at Mongoose.connect (C:\\Users\\Arpan suji\\BookStore\\Bookstore\\node_modules\\mongoose\\lib\\index.js:350:20)\n    at _callee$ (C:\\Users\\Arpan suji\\BookStore\\Bookstore\\src\\config\\/database.js:12:20)\n    at tryCatch (C:\\Users\\Arpan suji\\BookStore\\Bookstore\\node_modules\\@babel\\runtime\\helpers\\regeneratorRuntime.js:86:17)\n    at Generator._invoke (C:\\Users\\Arpan suji\\BookStore\\Bookstore\\node_modules\\@babel\\runtime\\helpers\\regeneratorRuntime.js:66:24)\n    at Generator.next (C:\\Users\\Arpan suji\\BookStore\\Bookstore\\node_modules\\@babel\\runtime\\helpers\\regeneratorRuntime.js:117:21)\n    at asyncGeneratorStep (C:\\Users\\Arpan suji\\BookStore\\Bookstore\\node_modules\\@babel\\runtime\\helpers\\asyncToGenerator.js:3:24)\n    at _next (C:\\Users\\Arpan suji\\BookStore\\Bookstore\\node_modules\\@babel\\runtime\\helpers\\asyncToGenerator.js:25:9)\n    at C:\\Users\\Arpan suji\\BookStore\\Bookstore\\node_modules\\@babel\\runtime\\helpers\\asyncToGenerator.js:32:7\n    at new Promise (<anonymous>)\n    at C:\\Users\\Arpan suji\\BookStore\\Bookstore\\node_modules\\@babel\\runtime\\helpers\\asyncToGenerator.js:21:12","timestamp":"2022-08-11T02:43:04.264Z"}
info: Server started at http://localhost:8000/api/v1/ {"timestamp":"2022-08-11T02:44:47.750Z"}
error: Could not connect to the database. connect ECONNREFUSED 127.0.0.1:27017 {"reason":{"commonWireVersion":null,"compatibilityError":null,"compatible":true,"heartbeatFrequencyMS":10000,"localThresholdMS":15,"logicalSessionTimeoutMinutes":null,"maxElectionId":null,"maxSetVersion":null,"servers":{},"setName":null,"stale":false,"type":"Single"},"stack":"MongooseServerSelectionError: connect ECONNREFUSED 127.0.0.1:27017\n    at NativeConnection.Connection.openUri (C:\\Users\\Arpan suji\\BookStore\\Bookstore\\node_modules\\mongoose\\lib\\connection.js:847:32)\n    at C:\\Users\\Arpan suji\\BookStore\\Bookstore\\node_modules\\mongoose\\lib\\index.js:351:10\n    at C:\\Users\\Arpan suji\\BookStore\\Bookstore\\node_modules\\mongoose\\lib\\helpers\\promiseOrCallback.js:32:5\n    at new Promise (<anonymous>)\n    at promiseOrCallback (C:\\Users\\Arpan suji\\BookStore\\Bookstore\\node_modules\\mongoose\\lib\\helpers\\promiseOrCallback.js:31:10)\n    at Mongoose._promiseOrCallback (C:\\Users\\Arpan suji\\BookStore\\Bookstore\\node_modules\\mongoose\\lib\\index.js:1149:10)\n    at Mongoose.connect (C:\\Users\\Arpan suji\\BookStore\\Bookstore\\node_modules\\mongoose\\lib\\index.js:350:20)\n    at _callee$ (C:\\Users\\Arpan suji\\BookStore\\Bookstore\\src\\config\\/database.js:12:20)\n    at tryCatch (C:\\Users\\Arpan suji\\BookStore\\Bookstore\\node_modules\\@babel\\runtime\\helpers\\regeneratorRuntime.js:86:17)\n    at Generator._invoke (C:\\Users\\Arpan suji\\BookStore\\Bookstore\\node_modules\\@babel\\runtime\\helpers\\regeneratorRuntime.js:66:24)\n    at Generator.next (C:\\Users\\Arpan suji\\BookStore\\Bookstore\\node_modules\\@babel\\runtime\\helpers\\regeneratorRuntime.js:117:21)\n    at asyncGeneratorStep (C:\\Users\\Arpan suji\\BookStore\\Bookstore\\node_modules\\@babel\\runtime\\helpers\\asyncToGenerator.js:3:24)\n    at _next (C:\\Users\\Arpan suji\\BookStore\\Bookstore\\node_modules\\@babel\\runtime\\helpers\\asyncToGenerator.js:25:9)\n    at C:\\Users\\Arpan suji\\BookStore\\Bookstore\\node_modules\\@babel\\runtime\\helpers\\asyncToGenerator.js:32:7\n    at new Promise (<anonymous>)\n    at C:\\Users\\Arpan suji\\BookStore\\Bookstore\\node_modules\\@babel\\runtime\\helpers\\asyncToGenerator.js:21:12","timestamp":"2022-08-11T02:45:17.753Z"}
info: Server started at http://localhost:8000/api/v1/ {"timestamp":"2022-08-11T02:57:22.753Z"}
info: Connected to the database. {"timestamp":"2022-08-11T02:57:23.193Z"}
info: Server started at http://localhost:8000/api/v1/ {"timestamp":"2022-08-11T03:06:35.495Z"}
info: Connected to the database. {"timestamp":"2022-08-11T03:06:35.525Z"}
info: Server started at http://localhost:8000/api/v1/ {"timestamp":"2022-08-11T03:08:21.301Z"}
info: Connected to the database. {"timestamp":"2022-08-11T03:08:21.353Z"}
info: Server started at http://localhost:8000/api/v1/ {"timestamp":"2022-08-11T03:13:00.884Z"}
info: Connected to the database. {"timestamp":"2022-08-11T03:13:00.909Z"}
info: Server started at http://localhost:8000/api/v1/ {"timestamp":"2022-08-11T03:13:58.507Z"}
info: Connected to the database. {"timestamp":"2022-08-11T03:13:58.530Z"}
info: Server started at http://localhost:8000/api/v1/ {"timestamp":"2022-08-11T03:15:28.730Z"}
info: Connected to the database. {"timestamp":"2022-08-11T03:15:28.758Z"}
info: Server started at http://localhost:8000/api/v1/ {"timestamp":"2022-08-11T03:17:41.196Z"}
info: Connected to the database. {"timestamp":"2022-08-11T03:17:41.226Z"}
info: Server started at http://localhost:8000/api/v1/ {"timestamp":"2022-08-11T03:29:04.098Z"}
info: Connected to the database. {"timestamp":"2022-08-11T03:29:04.121Z"}
info: Server started at http://localhost:8000/api/v1/ {"timestamp":"2022-08-11T03:37:20.531Z"}
info: Connected to the database. {"timestamp":"2022-08-11T03:37:20.553Z"}
info: Server started at http://localhost:8000/api/v1/ {"timestamp":"2022-08-11T03:37:32.981Z"}
info: Connected to the database. {"timestamp":"2022-08-11T03:37:33.009Z"}
info: Server started at http://localhost:8000/api/v1/ {"timestamp":"2022-08-11T03:38:05.306Z"}
info: Connected to the database. {"timestamp":"2022-08-11T03:38:05.330Z"}
info: Server started at http://localhost:8000/api/v1/ {"timestamp":"2022-08-11T03:42:35.295Z"}
info: Connected to the database. {"timestamp":"2022-08-11T03:42:35.318Z"}
info: Server started at http://localhost:8000/api/v1/ {"timestamp":"2022-08-11T03:47:21.154Z"}
info: Connected to the database. {"timestamp":"2022-08-11T03:47:21.175Z"}
info: Server started at http://localhost:8000/api/v1/ {"timestamp":"2022-08-11T03:48:00.690Z"}
info: Connected to the database. {"timestamp":"2022-08-11T03:48:00.712Z"}
info: Server started at http://localhost:8000/api/v1/ {"timestamp":"2022-08-11T03:48:52.422Z"}
info: Connected to the database. {"timestamp":"2022-08-11T03:48:52.445Z"}
info: Server started at http://localhost:8000/api/v1/ {"timestamp":"2022-08-11T03:50:44.418Z"}
info: Connected to the database. {"timestamp":"2022-08-11T03:50:44.440Z"}
info: Server started at http://localhost:8000/api/v1/ {"timestamp":"2022-08-11T03:52:37.005Z"}
info: Connected to the database. {"timestamp":"2022-08-11T03:52:37.029Z"}
info: Server started at http://localhost:8000/api/v1/ {"timestamp":"2022-08-11T03:57:58.001Z"}
info: Connected to the database. {"timestamp":"2022-08-11T03:57:58.022Z"}
info: Server started at http://localhost:8000/api/v1/ {"timestamp":"2022-08-11T03:58:16.735Z"}
info: Connected to the database. {"timestamp":"2022-08-11T03:58:16.758Z"}
info: Server started at http://localhost:8000/api/v1/ {"timestamp":"2022-08-11T04:02:35.055Z"}
info: Connected to the database. {"timestamp":"2022-08-11T04:02:35.082Z"}
info: Server started at http://localhost:8000/api/v1/ {"timestamp":"2022-08-11T04:11:20.114Z"}
info: Connected to the database. {"timestamp":"2022-08-11T04:11:20.136Z"}
info: Server started at http://localhost:8000/api/v1/ {"timestamp":"2022-08-11T04:11:41.924Z"}
info: Connected to the database. {"timestamp":"2022-08-11T04:11:41.943Z"}
info: Server started at http://localhost:8000/api/v1/ {"timestamp":"2022-08-11T04:14:00.717Z"}
info: Connected to the database. {"timestamp":"2022-08-11T04:14:00.738Z"}
info: Server started at http://localhost:8000/api/v1/ {"timestamp":"2022-08-11T04:16:41.010Z"}
info: Connected to the database. {"timestamp":"2022-08-11T04:16:41.032Z"}
info: Server started at http://localhost:8000/api/v1/ {"timestamp":"2022-08-11T04:17:15.892Z"}
info: Connected to the database. {"timestamp":"2022-08-11T04:17:15.915Z"}
info: Server started at http://localhost:8000/api/v1/ {"timestamp":"2022-08-11T04:19:18.270Z"}
info: Connected to the database. {"timestamp":"2022-08-11T04:19:18.295Z"}
info: Server started at http://localhost:8000/api/v1/ {"timestamp":"2022-08-11T04:23:56.807Z"}
info: Connected to the database. {"timestamp":"2022-08-11T04:23:56.829Z"}
info: Server started at http://localhost:8000/api/v1/ {"timestamp":"2022-08-11T04:24:31.386Z"}
info: Connected to the database. {"timestamp":"2022-08-11T04:24:31.408Z"}
info: Server started at http://localhost:8000/api/v1/ {"timestamp":"2022-08-11T04:27:26.834Z"}
info: Connected to the database. {"timestamp":"2022-08-11T04:27:26.855Z"}
info: Server started at http://localhost:8000/api/v1/ {"timestamp":"2022-08-11T04:31:52.680Z"}
info: Connected to the database. {"timestamp":"2022-08-11T04:31:52.711Z"}
info: Server started at http://localhost:8000/api/v1/ {"timestamp":"2022-08-11T04:32:17.644Z"}
info: Connected to the database. {"timestamp":"2022-08-11T04:32:17.666Z"}
info: Server started at http://localhost:8000/api/v1/ {"timestamp":"2022-08-11T04:33:07.697Z"}
info: Connected to the database. {"timestamp":"2022-08-11T04:33:07.719Z"}
info: Server started at http://localhost:8000/api/v1/ {"timestamp":"2022-08-11T04:34:56.980Z"}
info: Connected to the database. {"timestamp":"2022-08-11T04:34:57.007Z"}
info: Server started at http://localhost:8000/api/v1/ {"timestamp":"2022-08-11T04:35:09.072Z"}
info: Connected to the database. {"timestamp":"2022-08-11T04:35:09.095Z"}
info: Server started at http://localhost:8000/api/v1/ {"timestamp":"2022-08-11T10:54:45.292Z"}
info: Connected to the database. {"timestamp":"2022-08-11T10:54:45.335Z"}
info: Server started at http://localhost:8000/api/v1/ {"timestamp":"2022-08-11T10:55:09.068Z"}
info: Connected to the database. {"timestamp":"2022-08-11T10:55:09.090Z"}
info: Server started at http://localhost:8000/api/v1/ {"timestamp":"2022-08-11T10:57:05.756Z"}
info: Connected to the database. {"timestamp":"2022-08-11T10:57:05.782Z"}
info: Server started at http://localhost:8000/api/v1/ {"timestamp":"2022-08-11T10:58:11.193Z"}
info: Connected to the database. {"timestamp":"2022-08-11T10:58:11.233Z"}
info: Server started at http://localhost:8000/api/v1/ {"timestamp":"2022-08-11T10:58:44.583Z"}
info: Connected to the database. {"timestamp":"2022-08-11T10:58:44.611Z"}
info: Server started at http://localhost:8000/api/v1/ {"timestamp":"2022-08-11T11:00:14.040Z"}
info: Connected to the database. {"timestamp":"2022-08-11T11:00:14.086Z"}
info: Server started at http://localhost:8000/api/v1/ {"timestamp":"2022-08-11T11:14:37.500Z"}
info: Connected to the database. {"timestamp":"2022-08-11T11:14:37.530Z"}
info: Server started at http://localhost:8000/api/v1/ {"timestamp":"2022-08-11T11:14:45.512Z"}
info: Connected to the database. {"timestamp":"2022-08-11T11:14:45.540Z"}
info: Server started at http://localhost:8000/api/v1/ {"timestamp":"2022-08-11T11:18:26.887Z"}
info: Connected to the database. {"timestamp":"2022-08-11T11:18:26.951Z"}
info: Server started at http://localhost:8000/api/v1/ {"timestamp":"2022-08-11T11:20:36.026Z"}
info: Connected to the database. {"timestamp":"2022-08-11T11:20:36.056Z"}
info: Server started at http://localhost:8000/api/v1/ {"timestamp":"2022-08-11T11:26:39.505Z"}
info: Connected to the database. {"timestamp":"2022-08-11T11:26:39.529Z"}
info: Server started at http://localhost:8000/api/v1/ {"timestamp":"2022-08-11T11:33:00.252Z"}
info: Connected to the database. {"timestamp":"2022-08-11T11:33:00.276Z"}
info: Server started at http://localhost:8000/api/v1/ {"timestamp":"2022-08-11T11:37:09.478Z"}
info: Connected to the database. {"timestamp":"2022-08-11T11:37:09.523Z"}
info: Server started at http://localhost:8000/api/v1/ {"timestamp":"2022-08-11T11:41:08.661Z"}
info: Connected to the database. {"timestamp":"2022-08-11T11:41:08.702Z"}
info: Server started at http://localhost:8000/api/v1/ {"timestamp":"2022-08-11T12:40:07.932Z"}
info: Connected to the database. {"timestamp":"2022-08-11T12:40:07.986Z"}
info: Server started at http://localhost:8000/api/v1/ {"timestamp":"2022-08-11T12:43:56.026Z"}
info: Connected to the database. {"timestamp":"2022-08-11T12:43:56.054Z"}
info: Server started at http://localhost:8000/api/v1/ {"timestamp":"2022-08-11T12:48:02.163Z"}
info: Connected to the database. {"timestamp":"2022-08-11T12:48:02.187Z"}
info: Server started at http://localhost:8000/api/v1/ {"timestamp":"2022-08-11T12:48:53.884Z"}
info: Connected to the database. {"timestamp":"2022-08-11T12:48:53.905Z"}
info: Server started at http://localhost:8000/api/v1/ {"timestamp":"2022-08-11T12:52:52.819Z"}
info: Connected to the database. {"timestamp":"2022-08-11T12:52:52.839Z"}
info: Server started at http://localhost:8000/api/v1/ {"timestamp":"2022-08-11T12:56:43.835Z"}
info: Connected to the database. {"timestamp":"2022-08-11T12:56:43.857Z"}
info: Server started at http://localhost:8000/api/v1/ {"timestamp":"2022-08-11T12:58:11.443Z"}
info: Connected to the database. {"timestamp":"2022-08-11T12:58:11.465Z"}
info: Server started at http://localhost:8000/api/v1/ {"timestamp":"2022-08-11T12:59:35.137Z"}
info: Connected to the database. {"timestamp":"2022-08-11T12:59:35.160Z"}
info: Server started at http://localhost:8000/api/v1/ {"timestamp":"2022-08-11T13:31:09.752Z"}
info: Connected to the database. {"timestamp":"2022-08-11T13:31:09.784Z"}
info: Server started at http://localhost:8000/api/v1/ {"timestamp":"2022-08-11T13:32:30.086Z"}
info: Connected to the database. {"timestamp":"2022-08-11T13:32:30.111Z"}
info: Server started at http://localhost:8000/api/v1/ {"timestamp":"2022-08-11T13:34:21.871Z"}
info: Connected to the database. {"timestamp":"2022-08-11T13:34:21.897Z"}
info: Server started at http://localhost:8000/api/v1/ {"timestamp":"2022-08-11T13:36:35.612Z"}
info: Connected to the database. {"timestamp":"2022-08-11T13:36:35.633Z"}
info: Server started at http://localhost:8000/api/v1/ {"timestamp":"2022-08-11T13:37:21.825Z"}
info: Connected to the database. {"timestamp":"2022-08-11T13:37:21.847Z"}
info: Server started at http://localhost:8000/api/v1/ {"timestamp":"2022-08-11T13:38:54.579Z"}
info: Connected to the database. {"timestamp":"2022-08-11T13:38:54.604Z"}
info: Server started at http://localhost:8000/api/v1/ {"timestamp":"2022-08-11T13:43:40.094Z"}
info: Connected to the database. {"timestamp":"2022-08-11T13:43:40.133Z"}
info: Server started at http://localhost:8000/api/v1/ {"timestamp":"2022-08-11T13:52:45.421Z"}
info: Connected to the database. {"timestamp":"2022-08-11T13:52:45.444Z"}
info: Server started at http://localhost:8000/api/v1/ {"timestamp":"2022-08-11T13:54:05.943Z"}
info: Connected to the database. {"timestamp":"2022-08-11T13:54:05.966Z"}
info: Server started at http://localhost:8000/api/v1/ {"timestamp":"2022-08-11T13:54:41.491Z"}
info: Connected to the database. {"timestamp":"2022-08-11T13:54:41.513Z"}
info: Server started at http://localhost:8000/api/v1/ {"timestamp":"2022-08-11T13:56:19.656Z"}
info: Connected to the database. {"timestamp":"2022-08-11T13:56:19.683Z"}
info: Server started at http://localhost:8000/api/v1/ {"timestamp":"2022-08-11T13:56:46.574Z"}
info: Connected to the database. {"timestamp":"2022-08-11T13:56:46.597Z"}
info: Server started at http://localhost:8000/api/v1/ {"timestamp":"2022-08-11T13:57:13.224Z"}
info: Connected to the database. {"timestamp":"2022-08-11T13:57:13.244Z"}
error: 
    status - 500 
    message - SyntaxError: Unexpected string in JSON at position 56
    at JSON.parse (<anonymous>)
    at parse (C:\Users\Arpan suji\BookStore\Bookstore\node_modules\body-parser\lib\types\json.js:89:19)
    at C:\Users\Arpan suji\BookStore\Bookstore\node_modules\body-parser\lib\read.js:128:18
    at AsyncResource.runInAsyncScope (node:async_hooks:202:9)
    at invokeCallback (C:\Users\Arpan suji\BookStore\Bookstore\node_modules\raw-body\index.js:231:16)
    at done (C:\Users\Arpan suji\BookStore\Bookstore\node_modules\raw-body\index.js:220:7)
    at IncomingMessage.onEnd (C:\Users\Arpan suji\BookStore\Bookstore\node_modules\raw-body\index.js:280:7)
    at IncomingMessage.emit (node:events:539:35)
    at IncomingMessage.emit (node:domain:475:12)
    at endReadableNT (node:internal/streams/readable:1345:12)
    at processTicksAndRejections (node:internal/process/task_queues:83:21) 
    url - /api/v1/users/SignUp 
    method - POST 
    IP - ::1
   {"timestamp":"2022-08-11T14:03:39.893Z"}
